<?xml version="1.0" encoding="UTF-8"?>
<!-- Generated by org.testng.reporters.JUnitReportReporter -->
<testsuite skipped="0" hostname="CPM10133" name="freshworks.FreshworksTest" tests="4" failures="0" timestamp="12 Jul 2020 22:18:44 GMT" time="57.618" errors="0">
  <testcase name="freshWorksTitleTest" time="5.851" classname="freshworks.FreshworksTest"/>
  <testcase name="getFooterLinksTest" time="15.361" classname="freshworks.FreshworksTest"/>
  <testcase name="freshWorksTitleTest" time="13.156" classname="freshworks.FreshworksTest"/>
  <testcase name="getFooterLinksTest" time="23.250" classname="freshworks.FreshworksTest"/>
</testsuite> <!-- freshworks.FreshworksTest -->
